2024-04-07 22:39:10 [http-nio-8080-exec-170] INFO  controller.LoginServlet - Received POST request from 0:0:0:0:0:0:0:1
2024-04-07 22:39:10 [http-nio-8080-exec-170] WARN  controller.LoginServlet - Authentication failed for email: retailer1@example.com
2024-04-07 22:46:52 [http-nio-8080-exec-172] INFO  controller.LoginServlet - Received POST request from 0:0:0:0:0:0:0:1
2024-04-07 22:58:31 [http-nio-8080-exec-209] INFO  controller.LoginServlet - Received POST request from 0:0:0:0:0:0:0:1
2024-04-07 23:44:14 [http-nio-8080-exec-275] INFO  controller.LoginServlet - Received POST request from 0:0:0:0:0:0:0:1
2024-04-07 23:44:14 [http-nio-8080-exec-275] WARN  controller.LoginServlet - Authentication failed for email: retailer1@example.com
2024-04-07 23:44:57 [http-nio-8080-exec-280] INFO  controller.LoginServlet - Received POST request from 0:0:0:0:0:0:0:1
2024-04-07 23:44:57 [http-nio-8080-exec-280] WARN  controller.LoginServlet - Authentication failed for email: retailer1@example.com
2024-04-07 23:45:23 [http-nio-8080-exec-284] INFO  controller.LoginServlet - Received POST request from 0:0:0:0:0:0:0:1
2024-04-07 23:45:24 [http-nio-8080-exec-284] WARN  controller.LoginServlet - Authentication failed for email: retailer1@example.com
2024-04-07 23:47:11 [http-nio-8080-exec-288] INFO  controller.LoginServlet - Received POST request from 0:0:0:0:0:0:0:1
2024-04-07 23:47:43 [http-nio-8080-exec-294] INFO  controller.LoginServlet - Received POST request from 0:0:0:0:0:0:0:1
2024-04-07 23:54:27 [http-nio-8080-exec-303] INFO  controller.LoginServlet - Received POST request from 0:0:0:0:0:0:0:1
2024-04-07 23:57:11 [http-nio-8080-exec-316] INFO  controller.LoginServlet - Received POST request from 0:0:0:0:0:0:0:1
2024-04-07 23:59:10 [http-nio-8080-exec-327] INFO  controller.LoginServlet - Received POST request from 0:0:0:0:0:0:0:1
2024-04-08 00:08:29 [http-nio-8080-exec-329] INFO  controller.LoginServlet - Received POST request from 0:0:0:0:0:0:0:1
2024-04-08 00:12:37 [http-nio-8080-exec-343] INFO  controller.LoginServlet - Received POST request from 0:0:0:0:0:0:0:1
2024-04-08 00:13:01 [http-nio-8080-exec-353] INFO  controller.LoginServlet - Received POST request from 0:0:0:0:0:0:0:1
2024-04-08 00:19:19 [http-nio-8080-exec-361] INFO  controller.LoginServlet - Received POST request from 0:0:0:0:0:0:0:1
2024-04-08 00:19:52 [http-nio-8080-exec-362] INFO  controller.LoginServlet - Received POST request from 0:0:0:0:0:0:0:1
2024-04-08 00:24:16 [http-nio-8080-exec-378] INFO  controller.LoginServlet - Received POST request from 0:0:0:0:0:0:0:1
2024-04-08 00:33:26 [http-nio-8080-exec-390] INFO  controller.LoginServlet - Received POST request from 0:0:0:0:0:0:0:1
2024-04-08 00:34:24 [http-nio-8080-exec-409] INFO  controller.LoginServlet - Received POST request from 0:0:0:0:0:0:0:1
2024-04-08 00:37:04 [http-nio-8080-exec-423] INFO  controller.LoginServlet - Received POST request from 0:0:0:0:0:0:0:1
2024-04-08 00:45:06 [http-nio-8080-exec-5] INFO  controller.LoginServlet - Received POST request from 0:0:0:0:0:0:0:1
2024-04-08 00:52:07 [http-nio-8080-exec-27] INFO  controller.LoginServlet - Received POST request from 0:0:0:0:0:0:0:1
2024-04-08 00:59:19 [http-nio-8080-exec-56] INFO  controller.LoginServlet - Received POST request from 0:0:0:0:0:0:0:1
2024-04-08 00:59:40 [http-nio-8080-exec-61] INFO  controller.LoginServlet - Received POST request from 0:0:0:0:0:0:0:1
2024-04-08 01:00:21 [http-nio-8080-exec-65] INFO  controller.LoginServlet - Received POST request from 0:0:0:0:0:0:0:1
2024-04-08 01:00:51 [http-nio-8080-exec-62] INFO  controller.LoginServlet - Received POST request from 0:0:0:0:0:0:0:1
2024-04-08 01:04:09 [http-nio-8080-exec-70] INFO  controller.LoginServlet - Received POST request from 0:0:0:0:0:0:0:1
2024-04-08 01:04:09 [http-nio-8080-exec-63] INFO  controller.RetailerServlet - Received GET request from 0:0:0:0:0:0:0:1
2024-04-08 01:04:09 [http-nio-8080-exec-63] ERROR controller.RetailerServlet - Exception processing POST request
java.sql.SQLException: Cannot get all food items due to issues with SQL.
	at daoimpl.FoodItemDaoImpl.getAllFoodItems(FoodItemDaoImpl.java:76) ~[classes/:?]
	at controller.RetailerServlet.doGet(RetailerServlet.java:62) ~[classes/:?]
	at javax.servlet.http.HttpServlet.service(HttpServlet.java:529) ~[servlet-api.jar:4.0.FR]
	at javax.servlet.http.HttpServlet.service(HttpServlet.java:623) ~[servlet-api.jar:4.0.FR]
	at org.apache.catalina.core.ApplicationFilterChain.internalDoFilter(ApplicationFilterChain.java:209) ~[catalina.jar:9.0.86]
	at org.apache.catalina.core.ApplicationFilterChain.doFilter(ApplicationFilterChain.java:153) ~[catalina.jar:9.0.86]
	at org.apache.tomcat.websocket.server.WsFilter.doFilter(WsFilter.java:51) ~[tomcat-websocket.jar:9.0.86]
	at org.apache.catalina.core.ApplicationFilterChain.internalDoFilter(ApplicationFilterChain.java:178) ~[catalina.jar:9.0.86]
	at org.apache.catalina.core.ApplicationFilterChain.doFilter(ApplicationFilterChain.java:153) ~[catalina.jar:9.0.86]
	at org.apache.catalina.core.StandardWrapperValve.invoke(StandardWrapperValve.java:168) ~[catalina.jar:9.0.86]
	at org.apache.catalina.core.StandardContextValve.invoke(StandardContextValve.java:90) ~[catalina.jar:9.0.86]
	at org.apache.catalina.authenticator.AuthenticatorBase.invoke(AuthenticatorBase.java:481) ~[catalina.jar:9.0.86]
	at org.apache.catalina.core.StandardHostValve.invoke(StandardHostValve.java:130) ~[catalina.jar:9.0.86]
	at org.apache.catalina.valves.ErrorReportValve.invoke(ErrorReportValve.java:93) ~[catalina.jar:9.0.86]
	at org.apache.catalina.valves.AbstractAccessLogValve.invoke(AbstractAccessLogValve.java:670) ~[catalina.jar:9.0.86]
	at org.apache.catalina.core.StandardEngineValve.invoke(StandardEngineValve.java:74) ~[catalina.jar:9.0.86]
	at org.apache.catalina.connector.CoyoteAdapter.service(CoyoteAdapter.java:346) ~[catalina.jar:9.0.86]
	at org.apache.coyote.http11.Http11Processor.service(Http11Processor.java:390) ~[tomcat-coyote.jar:9.0.86]
	at org.apache.coyote.AbstractProcessorLight.process(AbstractProcessorLight.java:63) ~[tomcat-coyote.jar:9.0.86]
	at org.apache.coyote.AbstractProtocol$ConnectionHandler.process(AbstractProtocol.java:928) ~[tomcat-coyote.jar:9.0.86]
	at org.apache.tomcat.util.net.NioEndpoint$SocketProcessor.doRun(NioEndpoint.java:1794) ~[tomcat-coyote.jar:9.0.86]
	at org.apache.tomcat.util.net.SocketProcessorBase.run(SocketProcessorBase.java:52) ~[tomcat-coyote.jar:9.0.86]
	at org.apache.tomcat.util.threads.ThreadPoolExecutor.runWorker(ThreadPoolExecutor.java:1191) ~[tomcat-util.jar:9.0.86]
	at org.apache.tomcat.util.threads.ThreadPoolExecutor$Worker.run(ThreadPoolExecutor.java:659) ~[tomcat-util.jar:9.0.86]
	at org.apache.tomcat.util.threads.TaskThread$WrappingRunnable.run(TaskThread.java:63) ~[tomcat-util.jar:9.0.86]
	at java.base/java.lang.Thread.run(Thread.java:1583) [?:?]
Caused by: java.sql.SQLSyntaxErrorException: Table 'foodwastereduction.food_items' doesn't exist
	at com.mysql.cj.jdbc.exceptions.SQLError.createSQLException(SQLError.java:121) ~[mysql-connector-j-8.0.33.jar:8.0.33]
	at com.mysql.cj.jdbc.exceptions.SQLExceptionsMapping.translateException(SQLExceptionsMapping.java:122) ~[mysql-connector-j-8.0.33.jar:8.0.33]
	at com.mysql.cj.jdbc.ClientPreparedStatement.executeInternal(ClientPreparedStatement.java:916) ~[mysql-connector-j-8.0.33.jar:8.0.33]
	at com.mysql.cj.jdbc.ClientPreparedStatement.executeQuery(ClientPreparedStatement.java:972) ~[mysql-connector-j-8.0.33.jar:8.0.33]
	at daoimpl.FoodItemDaoImpl.getAllFoodItems(FoodItemDaoImpl.java:56) ~[classes/:?]
	... 25 more
2024-04-08 01:04:49 [http-nio-8080-exec-77] INFO  controller.LoginServlet - Received POST request from 0:0:0:0:0:0:0:1
2024-04-08 01:04:49 [http-nio-8080-exec-91] INFO  controller.RetailerServlet - Received GET request from 0:0:0:0:0:0:0:1
2024-04-08 01:04:49 [http-nio-8080-exec-91] INFO  controller.RetailerServlet - allFoodItems list is not empty
2024-04-08 01:21:30 [http-nio-8080-exec-103] INFO  controller.LoginServlet - Received POST request from 0:0:0:0:0:0:0:1
2024-04-08 01:21:31 [http-nio-8080-exec-112] INFO  controller.RetailerServlet - Received GET request from 0:0:0:0:0:0:0:1
2024-04-08 01:21:31 [http-nio-8080-exec-112] INFO  controller.RetailerServlet - allFoodItems list is not empty
2024-04-08 17:29:55 [http-nio-8080-exec-162] INFO  controller.LoginServlet - Received POST request from 0:0:0:0:0:0:0:1
2024-04-08 17:29:55 [http-nio-8080-exec-162] ERROR controller.LoginServlet - Exception processing POST request
java.sql.SQLException: Cannot get user by email due to issues with SQL.
	at daoimpl.UsersDaoImpl.getUserByEmail(UsersDaoImpl.java:177) ~[classes/:?]
	at controller.LoginServlet.doPost(LoginServlet.java:62) ~[classes/:?]
	at javax.servlet.http.HttpServlet.service(HttpServlet.java:555) ~[servlet-api.jar:4.0.FR]
	at javax.servlet.http.HttpServlet.service(HttpServlet.java:623) ~[servlet-api.jar:4.0.FR]
	at org.apache.catalina.core.ApplicationFilterChain.internalDoFilter(ApplicationFilterChain.java:209) ~[catalina.jar:9.0.86]
	at org.apache.catalina.core.ApplicationFilterChain.doFilter(ApplicationFilterChain.java:153) ~[catalina.jar:9.0.86]
	at org.apache.tomcat.websocket.server.WsFilter.doFilter(WsFilter.java:51) ~[tomcat-websocket.jar:9.0.86]
	at org.apache.catalina.core.ApplicationFilterChain.internalDoFilter(ApplicationFilterChain.java:178) ~[catalina.jar:9.0.86]
	at org.apache.catalina.core.ApplicationFilterChain.doFilter(ApplicationFilterChain.java:153) ~[catalina.jar:9.0.86]
	at org.apache.catalina.core.StandardWrapperValve.invoke(StandardWrapperValve.java:168) ~[catalina.jar:9.0.86]
	at org.apache.catalina.core.StandardContextValve.invoke(StandardContextValve.java:90) ~[catalina.jar:9.0.86]
	at org.apache.catalina.authenticator.AuthenticatorBase.invoke(AuthenticatorBase.java:481) ~[catalina.jar:9.0.86]
	at org.apache.catalina.core.StandardHostValve.invoke(StandardHostValve.java:130) ~[catalina.jar:9.0.86]
	at org.apache.catalina.valves.ErrorReportValve.invoke(ErrorReportValve.java:93) ~[catalina.jar:9.0.86]
	at org.apache.catalina.valves.AbstractAccessLogValve.invoke(AbstractAccessLogValve.java:670) ~[catalina.jar:9.0.86]
	at org.apache.catalina.core.StandardEngineValve.invoke(StandardEngineValve.java:74) ~[catalina.jar:9.0.86]
	at org.apache.catalina.connector.CoyoteAdapter.service(CoyoteAdapter.java:346) ~[catalina.jar:9.0.86]
	at org.apache.coyote.http11.Http11Processor.service(Http11Processor.java:390) ~[tomcat-coyote.jar:9.0.86]
	at org.apache.coyote.AbstractProcessorLight.process(AbstractProcessorLight.java:63) ~[tomcat-coyote.jar:9.0.86]
	at org.apache.coyote.AbstractProtocol$ConnectionHandler.process(AbstractProtocol.java:928) ~[tomcat-coyote.jar:9.0.86]
	at org.apache.tomcat.util.net.NioEndpoint$SocketProcessor.doRun(NioEndpoint.java:1794) ~[tomcat-coyote.jar:9.0.86]
	at org.apache.tomcat.util.net.SocketProcessorBase.run(SocketProcessorBase.java:52) ~[tomcat-coyote.jar:9.0.86]
	at org.apache.tomcat.util.threads.ThreadPoolExecutor.runWorker(ThreadPoolExecutor.java:1191) ~[tomcat-util.jar:9.0.86]
	at org.apache.tomcat.util.threads.ThreadPoolExecutor$Worker.run(ThreadPoolExecutor.java:659) ~[tomcat-util.jar:9.0.86]
	at org.apache.tomcat.util.threads.TaskThread$WrappingRunnable.run(TaskThread.java:63) ~[tomcat-util.jar:9.0.86]
	at java.base/java.lang.Thread.run(Thread.java:1583) [?:?]
Caused by: java.sql.SQLException: Could not create connection
	at connection.DataSource.getConnection(DataSource.java:40) ~[classes/:?]
	at daoimpl.UsersDaoImpl.getUserByEmail(UsersDaoImpl.java:144) ~[classes/:?]
	... 25 more
2024-04-08 17:29:58 [http-nio-8080-exec-161] INFO  controller.LoginServlet - Received POST request from 0:0:0:0:0:0:0:1
2024-04-08 17:30:00 [http-nio-8080-exec-156] INFO  controller.RetailerServlet - Received GET request from 0:0:0:0:0:0:0:1
2024-04-08 17:30:00 [http-nio-8080-exec-156] INFO  controller.RetailerServlet - allFoodItems list is not empty
2024-04-08 17:30:06 [http-nio-8080-exec-164] INFO  controller.LoginServlet - Received POST request from 0:0:0:0:0:0:0:1
2024-04-08 17:30:06 [http-nio-8080-exec-165] INFO  controller.RetailerServlet - Received GET request from 0:0:0:0:0:0:0:1
2024-04-08 17:30:06 [http-nio-8080-exec-165] INFO  controller.RetailerServlet - allFoodItems list is not empty
2024-04-08 17:59:32 [http-nio-8080-exec-23] INFO  controller.LoginServlet - Received POST request from 0:0:0:0:0:0:0:1
2024-04-08 17:59:32 [http-nio-8080-exec-23] ERROR controller.LoginServlet - Exception processing POST request
java.sql.SQLException: Cannot get user by email due to issues with SQL.
	at daoimpl.UsersDaoImpl.getUserByEmail(UsersDaoImpl.java:177) ~[classes/:?]
	at controller.LoginServlet.doPost(LoginServlet.java:62) ~[classes/:?]
	at javax.servlet.http.HttpServlet.service(HttpServlet.java:555) ~[servlet-api.jar:4.0.FR]
	at javax.servlet.http.HttpServlet.service(HttpServlet.java:623) ~[servlet-api.jar:4.0.FR]
	at org.apache.catalina.core.ApplicationFilterChain.internalDoFilter(ApplicationFilterChain.java:209) ~[catalina.jar:9.0.86]
	at org.apache.catalina.core.ApplicationFilterChain.doFilter(ApplicationFilterChain.java:153) ~[catalina.jar:9.0.86]
	at org.apache.tomcat.websocket.server.WsFilter.doFilter(WsFilter.java:51) ~[tomcat-websocket.jar:9.0.86]
	at org.apache.catalina.core.ApplicationFilterChain.internalDoFilter(ApplicationFilterChain.java:178) ~[catalina.jar:9.0.86]
	at org.apache.catalina.core.ApplicationFilterChain.doFilter(ApplicationFilterChain.java:153) ~[catalina.jar:9.0.86]
	at org.apache.catalina.core.StandardWrapperValve.invoke(StandardWrapperValve.java:168) ~[catalina.jar:9.0.86]
	at org.apache.catalina.core.StandardContextValve.invoke(StandardContextValve.java:90) ~[catalina.jar:9.0.86]
	at org.apache.catalina.authenticator.AuthenticatorBase.invoke(AuthenticatorBase.java:481) ~[catalina.jar:9.0.86]
	at org.apache.catalina.core.StandardHostValve.invoke(StandardHostValve.java:130) ~[catalina.jar:9.0.86]
	at org.apache.catalina.valves.ErrorReportValve.invoke(ErrorReportValve.java:93) ~[catalina.jar:9.0.86]
	at org.apache.catalina.valves.AbstractAccessLogValve.invoke(AbstractAccessLogValve.java:670) ~[catalina.jar:9.0.86]
	at org.apache.catalina.core.StandardEngineValve.invoke(StandardEngineValve.java:74) ~[catalina.jar:9.0.86]
	at org.apache.catalina.connector.CoyoteAdapter.service(CoyoteAdapter.java:346) ~[catalina.jar:9.0.86]
	at org.apache.coyote.http11.Http11Processor.service(Http11Processor.java:390) ~[tomcat-coyote.jar:9.0.86]
	at org.apache.coyote.AbstractProcessorLight.process(AbstractProcessorLight.java:63) ~[tomcat-coyote.jar:9.0.86]
	at org.apache.coyote.AbstractProtocol$ConnectionHandler.process(AbstractProtocol.java:928) ~[tomcat-coyote.jar:9.0.86]
	at org.apache.tomcat.util.net.NioEndpoint$SocketProcessor.doRun(NioEndpoint.java:1794) ~[tomcat-coyote.jar:9.0.86]
	at org.apache.tomcat.util.net.SocketProcessorBase.run(SocketProcessorBase.java:52) ~[tomcat-coyote.jar:9.0.86]
	at org.apache.tomcat.util.threads.ThreadPoolExecutor.runWorker(ThreadPoolExecutor.java:1191) ~[tomcat-util.jar:9.0.86]
	at org.apache.tomcat.util.threads.ThreadPoolExecutor$Worker.run(ThreadPoolExecutor.java:659) ~[tomcat-util.jar:9.0.86]
	at org.apache.tomcat.util.threads.TaskThread$WrappingRunnable.run(TaskThread.java:63) ~[tomcat-util.jar:9.0.86]
	at java.base/java.lang.Thread.run(Thread.java:1583) [?:?]
Caused by: java.sql.SQLException: Could not create connection
	at connection.DataSource.getConnection(DataSource.java:40) ~[classes/:?]
	at daoimpl.UsersDaoImpl.getUserByEmail(UsersDaoImpl.java:144) ~[classes/:?]
	... 25 more
2024-04-08 17:59:35 [http-nio-8080-exec-20] INFO  controller.LoginServlet - Received POST request from 0:0:0:0:0:0:0:1
2024-04-08 17:59:37 [http-nio-8080-exec-19] INFO  controller.RetailerServlet - Received GET request from 0:0:0:0:0:0:0:1
2024-04-08 17:59:37 [http-nio-8080-exec-19] INFO  controller.RetailerServlet - allFoodItems list is not empty
2024-04-08 18:00:03 [http-nio-8080-exec-26] INFO  controller.LoginServlet - Received POST request from 0:0:0:0:0:0:0:1
2024-04-08 18:00:03 [http-nio-8080-exec-27] INFO  controller.RetailerServlet - Received GET request from 0:0:0:0:0:0:0:1
2024-04-08 18:00:03 [http-nio-8080-exec-27] INFO  controller.RetailerServlet - allFoodItems list is not empty
2024-04-08 18:01:51 [http-nio-8080-exec-30] INFO  controller.LoginServlet - Received POST request from 0:0:0:0:0:0:0:1
2024-04-08 18:01:51 [http-nio-8080-exec-31] INFO  controller.RetailerServlet - Received GET request from 0:0:0:0:0:0:0:1
2024-04-08 18:01:51 [http-nio-8080-exec-31] INFO  controller.RetailerServlet - allFoodItems list is not empty
